<?xml version="1.0" encoding="UTF-8" ?>

<!-- This is a SCF to Test Scriba and its plugins -->

<book version="1.0">

	<metadata>
		<metaitem eletype="dc" elename="title">Test 0.52 of %pretty_date%</metaitem>
		<metaitem eletype="dc" elename="creator" role="aut" >Ufficio Stampa e Internet - Servizio dell'Informatica</metaitem>
		<metaitem eletype="dc" elename="creator" role="edt" >Senato della Repubblica</metaitem>
		<metaitem eletype="dc" elename="language">it</metaitem>
		<metaitem eletype="dc" elename="identifier" id="senabookid">testId</metaitem>
		<metaitem eletype="dc" elename="subject">Test</metaitem>
		<metaitem eletype="dc" elename="date">%date%</metaitem>
		<metaitem eletype="meta" elename="meta" name="copyright" content="Senato della Repubblica italiana" destination="opf"/>
		
		<metaitem eletype="meta" elename="meta" name="dtb:uid" content="testId" destination="ncx"/>
		<metaitem eletype="meta" elename="meta" name="dtb:depth" content="1" destination="ncx"/>
        <metaitem eletype="meta" elename="meta" name="dtb:totalPageCount" content="0" destination="ncx"/>
        <metaitem eletype="meta" elename="meta" name="dtb:maxPageNumber" content="0" destination="ncx"/>
        
	</metadata>

	<contents tocId="toc">

		<!-- Intestazioni -->

		<content packageId="toc" packagePath="/" packageFile="toc.ncx"
			contentMediaType="application/x-dtbncx+xml" />
		
		<content packageId="copertina" packagePath="/" packageFile="copertina.html"
			contentUrl="file:///C:/Lavoro/Lavoro/BGT/EBookMaker/Software/DeployOnSF/scriba_deploy_test/0.52/ebookstaticcontent/copertina.html"
			contentMediaType="application/xhtml+xml" cover="true" isInSpine="true" tocName="Copertina"
			plugin="it.senato.areatesti.ebook.ebookmaker.plugin.defaultplugin.CoverPlugin" />
		
		<content packageId="logo_senato_png" packagePath="/IMG"
			contentUrl="file:///C:/Lavoro/Lavoro/BGT/EBookMaker/Software/DeployOnSF/scriba_deploy_test/0.52/ebookstaticcontent/logo_senato.png"
			packageFile="logo_senato.png" contentMediaType="image/png" />

		<content packageId="logo_scriba_png" packagePath="/IMG"
			contentUrl="file:///C:/Lavoro/Lavoro/BGT/EBookMaker/Software/DeployOnSF/scriba_deploy_test/0.52/ebookstaticcontent/logo_scriba.png"
			packageFile="logo_scriba.png" contentMediaType="image/png" />
			
		
		<content packageId="style" packagePath="/" packageFile="stile.css"
			contentUrl="file:///C:/Lavoro/Lavoro/BGT/EBookMaker/Software/DeployOnSF/scriba_deploy_test/0.52/ebookstaticcontent/stile_new.css"
			contentMediaType="text/css" />

		<!-- BoilerPipe experimental plugin -->

        <content packageId="testoBPSenatoDef" packagePath="Docs/Boilerpipe"
        		 packageFile="testoSenatoDef.html"
                 contentUrl="http://www.senato.it"
                 contentMediaType="application/xhtml+xml"
                 plugin="it.senato.areatesti.ebook.ebookmaker.plugin.defaultplugin.boilerpipe.DefaultExtractorBPPlugin" 
                 isInSpine="true" 
                 tocName="Home Page Senato Default" 
                 isNeededTidy="true"                
				 isNeededXsl="false"/>

        <content packageId="testoBPSenatoArt" packagePath="Docs/Boilerpipe"
        		 packageFile="testoSenatoArt.html"
                 contentUrl="http://www.senato.it"
                 contentMediaType="application/xhtml+xml"
                 plugin="it.senato.areatesti.ebook.ebookmaker.plugin.defaultplugin.boilerpipe.ArticleExtractorBPPlugin" 
                 isInSpine="true" 
                 tocName="Home Page Senato Article" 
                 isNeededTidy="true"                
				 isNeededXsl="false"/>	

									 
		<!-- Pdf to Html plugin -->

		<content packageId="testo_pdf" packagePath="Docs/PdfToHtml"
        		 packageFile="Proof.pdf"
                 contentUrl="file:///C:/Lavoro/Lavoro/BGT/EBookMaker/Software/DeployOnSF/scriba_deploy_test/0.52/ebookstaticcontent/proof.pdf"
                 contentMediaType="application/pdf"
                 plugin="it.senato.areatesti.ebook.ebookmaker.plugin.defaultplugin.PdfToHtmlPlugin" 
                 pdfToHtml="true"
                 isInSpine="true" 
                 tocName="Plugin Proof" 
                 isNeededTidy="true"                
				 isNeededXsl="false"/>	

		<!-- Classic content -->
		
		<content packagePath="Aula" packageId="calendario_lavori_aula"
			packageFile="Calendario dei lavori.xhtml" tocName="Calendario dei lavori"
			contentUrl="http://www.senato.it/versionestampa/stampa.jsp?url=/lavori/21415/38479/genpagina.htm"
			contentMediaType="application/xhtml+xml" isNeededTidy="true"
			isInSpine="true" />

		<content packagePath="Aula" packageId="comunicato_fine_seduta_aula"
			packageFile="Comunicato di fine seduta.xhtml" tocName="Comunicato di fine seduta"
			contentUrl="http://www.senato.it/versionestampa/stampa.jsp?url=/lavori/21415/150723/ultimasintesiseduta.htm"			
			contentMediaType="application/xhtml+xml" isNeededTidy="true"
			isInSpine="true" />

		<content packagePath="Aula" packageId="odg_aula"
			packageFile="Ordine del giorno.xhtml" tocName="Ordine del giorno"
			contentUrl="http://www.senato.it/versionestampa/stampa.jsp?url=/lavori/21415/106652/genpagina.htm"
			contentMediaType="application/xhtml+xml" isNeededTidy="true"
			isInSpine="true" />

		<content packagePath="Commissioni/Convocazioni/1a Commissione"
			packageId="convoc_01_aula" packageFile="convocazioni01.pdf" tocName="Convocazioni"
			contentUrl="http://www.senato.it/documenti/repository/commissioni/comm01/calendario/convocazioni.pdf"
			contentMediaType="application/pdf" isNeededTidy="false"
			isInSpine="true" />

		<!-- It consumes a lot of time, but you can try!	
		<content packagePath="Rassegne" packageId="rassegna_stampa"
			packageFile="rassegna.pdf" tocName="Rassegna Stampa completa"
			contentUrl="http://www.senato.intranet/notizie/RassUffStampa/rassegna.pdf"
			contentMediaType="application/pdf" isNeededTidy="false"
			isInSpine="true" />

		-->
		
	</contents>		
   

</book>
